MinorProjectStudent/app/build/intermediates/manifest_merge_blame_file/debug/manifest-merger-blame-debug-report.txt
1<?xml version="1.0" encoding="utf-8"?>
2<manifest xmlns:android="http://schemas.android.com/apk/res/android"
3    package="com.example.minorproject"
4    android:versionCode="1"
5    android:versionName="1.0" >
6
7    <uses-sdk
8        android:minSdkVersion="24"
9        android:targetSdkVersion="34" />
10
11    <uses-permission android:name="android.permission.INTERNET" />
11-->src\main\AndroidManifest.xml:5:5-67
11-->src\main\AndroidManifest.xml:5:22-64
12    <uses-permission android:name="android.permission.ACCESS_COARSE_LOCATION" />
12-->src\main\AndroidManifest.xml:6:5-81
12-->src\main\AndroidManifest.xml:6:22-78
13    <uses-permission android:name="android.permission.ACCESS_FINE_LOCATION" />
13-->src\main\AndroidManifest.xml:7:5-79
13-->src\main\AndroidManifest.xml:7:22-76
14    <uses-permission android:name="android.permission.ACCESS_WIFI_STATE" />
14-->src\main\AndroidManifest.xml:8:5-76
14-->src\main\AndroidManifest.xml:8:22-73
15
16    <!-- Include required permissions for Google Maps API to run. -->
17    <uses-permission android:name="android.permission.ACCESS_NETWORK_STATE" />
17-->[com.google.android.gms:play-services-maps:18.1.0] AndroidManifest.xml:23:5-79
17-->[com.google.android.gms:play-services-maps:18.1.0] AndroidManifest.xml:23:22-76
18
19    <uses-feature
19-->[com.google.android.gms:play-services-maps:18.1.0] AndroidManifest.xml:26:5-28:35
20        android:glEsVersion="0x00020000"
20-->[com.google.android.gms:play-services-maps:18.1.0] AndroidManifest.xml:27:9-41
21        android:required="true" />
21-->[com.google.android.gms:play-services-maps:18.1.0] AndroidManifest.xml:28:9-32
22
23    <queries>
23-->[com.google.android.gms:play-services-maps:18.1.0] AndroidManifest.xml:30:5-34:15
24
25        <!-- Needs to be explicitly declared on Android R+ -->
26        <package android:name="com.google.android.apps.maps" />
26-->[com.google.android.gms:play-services-maps:18.1.0] AndroidManifest.xml:33:9-64
26-->[com.google.android.gms:play-services-maps:18.1.0] AndroidManifest.xml:33:18-61
27    </queries>
28
29    <uses-permission android:name="android.permission.WAKE_LOCK" />
29-->[com.google.android.gms:play-services-measurement-api:21.3.0] AndroidManifest.xml:24:5-68
29-->[com.google.android.gms:play-services-measurement-api:21.3.0] AndroidManifest.xml:24:22-65
30    <uses-permission android:name="com.google.android.gms.permission.AD_ID" />
30-->[com.google.android.gms:play-services-measurement-api:21.3.0] AndroidManifest.xml:25:5-79
30-->[com.google.android.gms:play-services-measurement-api:21.3.0] AndroidManifest.xml:25:22-76
31    <uses-permission android:name="com.google.android.finsky.permission.BIND_GET_INSTALL_REFERRER_SERVICE" />
31-->[com.google.android.gms:play-services-measurement:21.3.0] AndroidManifest.xml:26:5-110
31-->[com.google.android.gms:play-services-measurement:21.3.0] AndroidManifest.xml:26:22-107
32
33    <permission
33-->[androidx.core:core:1.12.0] AndroidManifest.xml:22:5-24:47
34        android:name="com.example.minorproject.DYNAMIC_RECEIVER_NOT_EXPORTED_PERMISSION"
34-->[androidx.core:core:1.12.0] AndroidManifest.xml:23:9-81
35        android:protectionLevel="signature" />
35-->[androidx.core:core:1.12.0] AndroidManifest.xml:24:9-44
36
37    <uses-permission android:name="com.example.minorproject.DYNAMIC_RECEIVER_NOT_EXPORTED_PERMISSION" />
37-->[androidx.core:core:1.12.0] AndroidManifest.xml:26:5-97
37-->[androidx.core:core:1.12.0] AndroidManifest.xml:26:22-94
38
39    <application
39-->src\main\AndroidManifest.xml:10:5-65:19
40        android:allowBackup="true"
40-->src\main\AndroidManifest.xml:11:9-35
41        android:appComponentFactory="androidx.core.app.CoreComponentFactory"
41-->[androidx.core:core:1.12.0] AndroidManifest.xml:28:18-86
42        android:dataExtractionRules="@xml/data_extraction_rules"
42-->src\main\AndroidManifest.xml:12:9-65
43        android:debuggable="true"
44        android:extractNativeLibs="false"
45        android:fullBackupContent="@xml/backup_rules"
45-->src\main\AndroidManifest.xml:13:9-54
46        android:icon="@drawable/logo"
46-->src\main\AndroidManifest.xml:14:9-38
47        android:label="Student App"
47-->src\main\AndroidManifest.xml:15:9-36
48        android:roundIcon="@mipmap/ic_launcher_round"
48-->src\main\AndroidManifest.xml:16:9-54
49        android:supportsRtl="true"
49-->src\main\AndroidManifest.xml:17:9-35
50        android:testOnly="true"
51        android:theme="@style/Theme.MaterialComponents.Light.NoActionBar" >
51-->src\main\AndroidManifest.xml:18:9-74
52        <activity
52-->src\main\AndroidManifest.xml:21:9-23:40
53            android:name="com.example.minorproject.ForgotPasswordActivity"
53-->src\main\AndroidManifest.xml:22:13-51
54            android:exported="false" />
54-->src\main\AndroidManifest.xml:23:13-37
55        <activity
55-->src\main\AndroidManifest.xml:24:9-26:40
56            android:name="com.example.minorproject.SignUp"
56-->src\main\AndroidManifest.xml:25:13-35
57            android:exported="false" />
57-->src\main\AndroidManifest.xml:26:13-37
58        <activity
58-->src\main\AndroidManifest.xml:27:9-29:40
59            android:name="com.example.minorproject.WelcomeActivity"
59-->src\main\AndroidManifest.xml:28:13-44
60            android:exported="false" />
60-->src\main\AndroidManifest.xml:29:13-37
61        <activity
61-->src\main\AndroidManifest.xml:30:9-32:40
62            android:name="com.example.minorproject.MainActivity2"
62-->src\main\AndroidManifest.xml:31:13-42
63            android:exported="false" />
63-->src\main\AndroidManifest.xml:32:13-37
64        <!--
65             TODO: Before you run your application, you need a Google Maps API key.
66
67             To get one, follow the directions here:
68
69                https://developers.google.com/maps/documentation/android-sdk/get-api-key
70
71             Once you have your API key (it starts with "AIza"), define a new property in your
72             project's local.properties file (e.g. MAPS_API_KEY=Aiza...), and replace the
73             "YOUR_API_KEY" string in this file with "${MAPS_API_KEY}".
74        -->
75        <meta-data
75-->src\main\AndroidManifest.xml:44:9-46:71
76            android:name="com.google.android.geo.API_KEY"
76-->src\main\AndroidManifest.xml:45:13-58
77            android:value="AIzaSyAL0DtmffBMo-Ol7s7ANvhblcR8-f4_DE8" />
77-->src\main\AndroidManifest.xml:46:13-68
78
79        <activity
79-->src\main\AndroidManifest.xml:48:9-51:59
80            android:name="com.example.minorproject.MapsActivity"
80-->src\main\AndroidManifest.xml:49:13-41
81            android:exported="false"
81-->src\main\AndroidManifest.xml:50:13-37
82            android:label="@string/title_activity_maps" />
82-->src\main\AndroidManifest.xml:51:13-56
83        <activity
83-->src\main\AndroidManifest.xml:52:9-54:40
84            android:name="com.example.minorproject.MainActivity"
84-->src\main\AndroidManifest.xml:53:13-41
85            android:exported="false" />
85-->src\main\AndroidManifest.xml:54:13-37
86        <activity
86-->src\main\AndroidManifest.xml:55:9-64:20
87            android:name="com.example.minorproject.SplashActivity"
87-->src\main\AndroidManifest.xml:56:13-43
88            android:exported="true"
88-->src\main\AndroidManifest.xml:57:13-36
89            android:theme="@style/Theme.MaterialComponents.Light.NoActionBar" >
89-->src\main\AndroidManifest.xml:58:13-78
90            <intent-filter>
90-->src\main\AndroidManifest.xml:59:13-63:29
91                <action android:name="android.intent.action.MAIN" />
91-->src\main\AndroidManifest.xml:60:17-69
91-->src\main\AndroidManifest.xml:60:25-66
92
93                <category android:name="android.intent.category.LAUNCHER" />
93-->src\main\AndroidManifest.xml:62:17-77
93-->src\main\AndroidManifest.xml:62:27-74
94            </intent-filter>
95        </activity>
96        <activity
96-->[androidx.compose.ui:ui-test-manifest:1.4.0] AndroidManifest.xml:23:9-25:39
97            android:name="androidx.activity.ComponentActivity"
97-->[androidx.compose.ui:ui-test-manifest:1.4.0] AndroidManifest.xml:24:13-63
98            android:exported="true" />
98-->[androidx.compose.ui:ui-test-manifest:1.4.0] AndroidManifest.xml:25:13-36
99        <activity
99-->[androidx.compose.ui:ui-tooling:1.4.0] AndroidManifest.xml:23:9-25:39
100            android:name="androidx.compose.ui.tooling.PreviewActivity"
100-->[androidx.compose.ui:ui-tooling:1.4.0] AndroidManifest.xml:24:13-71
101            android:exported="true" /> <!-- Needs to be explicitly declared on P+ -->
101-->[androidx.compose.ui:ui-tooling:1.4.0] AndroidManifest.xml:25:13-36
102        <uses-library
102-->[com.google.android.gms:play-services-maps:18.1.0] AndroidManifest.xml:39:9-41:40
103            android:name="org.apache.http.legacy"
103-->[com.google.android.gms:play-services-maps:18.1.0] AndroidManifest.xml:40:13-50
104            android:required="false" />
104-->[com.google.android.gms:play-services-maps:18.1.0] AndroidManifest.xml:41:13-37
105
106        <activity
106-->[com.google.firebase:firebase-auth:22.1.2] AndroidManifest.xml:29:9-46:20
107            android:name="com.google.firebase.auth.internal.GenericIdpActivity"
107-->[com.google.firebase:firebase-auth:22.1.2] AndroidManifest.xml:30:13-80
108            android:excludeFromRecents="true"
108-->[com.google.firebase:firebase-auth:22.1.2] AndroidManifest.xml:31:13-46
109            android:exported="true"
109-->[com.google.firebase:firebase-auth:22.1.2] AndroidManifest.xml:32:13-36
110            android:launchMode="singleTask"
110-->[com.google.firebase:firebase-auth:22.1.2] AndroidManifest.xml:33:13-44
111            android:theme="@android:style/Theme.Translucent.NoTitleBar" >
111-->[com.google.firebase:firebase-auth:22.1.2] AndroidManifest.xml:34:13-72
112            <intent-filter>
112-->[com.google.firebase:firebase-auth:22.1.2] AndroidManifest.xml:35:13-45:29
113                <action android:name="android.intent.action.VIEW" />
113-->[com.google.firebase:firebase-auth:22.1.2] AndroidManifest.xml:36:17-69
113-->[com.google.firebase:firebase-auth:22.1.2] AndroidManifest.xml:36:25-66
114
115                <category android:name="android.intent.category.DEFAULT" />
115-->[com.google.firebase:firebase-auth:22.1.2] AndroidManifest.xml:38:17-76
115-->[com.google.firebase:firebase-auth:22.1.2] AndroidManifest.xml:38:27-73
116                <category android:name="android.intent.category.BROWSABLE" />
116-->[com.google.firebase:firebase-auth:22.1.2] AndroidManifest.xml:39:17-78
116-->[com.google.firebase:firebase-auth:22.1.2] AndroidManifest.xml:39:27-75
117
118                <data
118-->[com.google.firebase:firebase-auth:22.1.2] AndroidManifest.xml:41:17-44:51
119                    android:host="firebase.auth"
119-->[com.google.firebase:firebase-auth:22.1.2] AndroidManifest.xml:42:21-49
120                    android:path="/"
120-->[com.google.firebase:firebase-auth:22.1.2] AndroidManifest.xml:43:21-37
121                    android:scheme="genericidp" />
121-->[com.google.firebase:firebase-auth:22.1.2] AndroidManifest.xml:44:21-48
122            </intent-filter>
123        </activity>
124        <activity
124-->[com.google.firebase:firebase-auth:22.1.2] AndroidManifest.xml:47:9-64:20
125            android:name="com.google.firebase.auth.internal.RecaptchaActivity"
125-->[com.google.firebase:firebase-auth:22.1.2] AndroidManifest.xml:48:13-79
126            android:excludeFromRecents="true"
126-->[com.google.firebase:firebase-auth:22.1.2] AndroidManifest.xml:49:13-46
127            android:exported="true"
127-->[com.google.firebase:firebase-auth:22.1.2] AndroidManifest.xml:50:13-36
128            android:launchMode="singleTask"
128-->[com.google.firebase:firebase-auth:22.1.2] AndroidManifest.xml:51:13-44
129            android:theme="@android:style/Theme.Translucent.NoTitleBar" >
129-->[com.google.firebase:firebase-auth:22.1.2] AndroidManifest.xml:52:13-72
130            <intent-filter>
130-->[com.google.firebase:firebase-auth:22.1.2] AndroidManifest.xml:53:13-63:29
131                <action android:name="android.intent.action.VIEW" />
131-->[com.google.firebase:firebase-auth:22.1.2] AndroidManifest.xml:36:17-69
131-->[com.google.firebase:firebase-auth:22.1.2] AndroidManifest.xml:36:25-66
132
133                <category android:name="android.intent.category.DEFAULT" />
133-->[com.google.firebase:firebase-auth:22.1.2] AndroidManifest.xml:38:17-76
133-->[com.google.firebase:firebase-auth:22.1.2] AndroidManifest.xml:38:27-73
134                <category android:name="android.intent.category.BROWSABLE" />
134-->[com.google.firebase:firebase-auth:22.1.2] AndroidManifest.xml:39:17-78
134-->[com.google.firebase:firebase-auth:22.1.2] AndroidManifest.xml:39:27-75
135
136                <data
136-->[com.google.firebase:firebase-auth:22.1.2] AndroidManifest.xml:41:17-44:51
137                    android:host="firebase.auth"
137-->[com.google.firebase:firebase-auth:22.1.2] AndroidManifest.xml:42:21-49
138                    android:path="/"
138-->[com.google.firebase:firebase-auth:22.1.2] AndroidManifest.xml:43:21-37
139                    android:scheme="recaptcha" />
139-->[com.google.firebase:firebase-auth:22.1.2] AndroidManifest.xml:44:21-48
140            </intent-filter>
141        </activity>
142
143        <service
143-->[com.google.firebase:firebase-auth:22.1.2] AndroidManifest.xml:66:9-72:19
144            android:name="com.google.firebase.components.ComponentDiscoveryService"
144-->[com.google.firebase:firebase-auth:22.1.2] AndroidManifest.xml:67:13-84
145            android:directBootAware="true"
145-->[com.google.firebase:firebase-common:20.3.3] AndroidManifest.xml:34:13-43
146            android:exported="false" >
146-->[com.google.firebase:firebase-auth:22.1.2] AndroidManifest.xml:68:13-37
147            <meta-data
147-->[com.google.firebase:firebase-auth:22.1.2] AndroidManifest.xml:69:13-71:85
148                android:name="com.google.firebase.components:com.google.firebase.auth.FirebaseAuthRegistrar"
148-->[com.google.firebase:firebase-auth:22.1.2] AndroidManifest.xml:70:17-109
149                android:value="com.google.firebase.components.ComponentRegistrar" />
149-->[com.google.firebase:firebase-auth:22.1.2] AndroidManifest.xml:71:17-82
150            <meta-data
150-->[com.google.firebase:firebase-database:20.2.2] AndroidManifest.xml:31:13-33:85
151                android:name="com.google.firebase.components:com.google.firebase.database.DatabaseRegistrar"
151-->[com.google.firebase:firebase-database:20.2.2] AndroidManifest.xml:32:17-109
152                android:value="com.google.firebase.components.ComponentRegistrar" />
152-->[com.google.firebase:firebase-database:20.2.2] AndroidManifest.xml:33:17-82
153            <meta-data
153-->[com.google.android.gms:play-services-measurement-api:21.3.0] AndroidManifest.xml:31:13-33:85
154                android:name="com.google.firebase.components:com.google.firebase.analytics.connector.internal.AnalyticsConnectorRegistrar"
154-->[com.google.android.gms:play-services-measurement-api:21.3.0] AndroidManifest.xml:32:17-139
155                android:value="com.google.firebase.components.ComponentRegistrar" />
155-->[com.google.android.gms:play-services-measurement-api:21.3.0] AndroidManifest.xml:33:17-82
156            <meta-data
156-->[com.google.firebase:firebase-installations:17.1.4] AndroidManifest.xml:15:13-17:85
157                android:name="com.google.firebase.components:com.google.firebase.installations.FirebaseInstallationsRegistrar"
157-->[com.google.firebase:firebase-installations:17.1.4] AndroidManifest.xml:16:17-127
158                android:value="com.google.firebase.components.ComponentRegistrar" />
158-->[com.google.firebase:firebase-installations:17.1.4] AndroidManifest.xml:17:17-82
159        </service>
160
161        <activity
161-->[com.google.android.gms:play-services-base:18.1.0] AndroidManifest.xml:20:9-22:45
162            android:name="com.google.android.gms.common.api.GoogleApiActivity"
162-->[com.google.android.gms:play-services-base:18.1.0] AndroidManifest.xml:20:19-85
163            android:exported="false"
163-->[com.google.android.gms:play-services-base:18.1.0] AndroidManifest.xml:22:19-43
164            android:theme="@android:style/Theme.Translucent.NoTitleBar" />
164-->[com.google.android.gms:play-services-base:18.1.0] AndroidManifest.xml:21:19-78
165
166        <provider
166-->[com.google.firebase:firebase-common:20.3.3] AndroidManifest.xml:25:9-30:39
167            android:name="com.google.firebase.provider.FirebaseInitProvider"
167-->[com.google.firebase:firebase-common:20.3.3] AndroidManifest.xml:26:13-77
168            android:authorities="com.example.minorproject.firebaseinitprovider"
168-->[com.google.firebase:firebase-common:20.3.3] AndroidManifest.xml:27:13-72
169            android:directBootAware="true"
169-->[com.google.firebase:firebase-common:20.3.3] AndroidManifest.xml:28:13-43
170            android:exported="false"
170-->[com.google.firebase:firebase-common:20.3.3] AndroidManifest.xml:29:13-37
171            android:initOrder="100" />
171-->[com.google.firebase:firebase-common:20.3.3] AndroidManifest.xml:30:13-36
172
173        <receiver
173-->[com.google.android.gms:play-services-measurement:21.3.0] AndroidManifest.xml:29:9-33:20
174            android:name="com.google.android.gms.measurement.AppMeasurementReceiver"
174-->[com.google.android.gms:play-services-measurement:21.3.0] AndroidManifest.xml:30:13-85
175            android:enabled="true"
175-->[com.google.android.gms:play-services-measurement:21.3.0] AndroidManifest.xml:31:13-35
176            android:exported="false" >
176-->[com.google.android.gms:play-services-measurement:21.3.0] AndroidManifest.xml:32:13-37
177        </receiver>
178
179        <service
179-->[com.google.android.gms:play-services-measurement:21.3.0] AndroidManifest.xml:35:9-38:40
180            android:name="com.google.android.gms.measurement.AppMeasurementService"
180-->[com.google.android.gms:play-services-measurement:21.3.0] AndroidManifest.xml:36:13-84
181            android:enabled="true"
181-->[com.google.android.gms:play-services-measurement:21.3.0] AndroidManifest.xml:37:13-35
182            android:exported="false" />
182-->[com.google.android.gms:play-services-measurement:21.3.0] AndroidManifest.xml:38:13-37
183        <service
183-->[com.google.android.gms:play-services-measurement:21.3.0] AndroidManifest.xml:39:9-43:72
184            android:name="com.google.android.gms.measurement.AppMeasurementJobService"
184-->[com.google.android.gms:play-services-measurement:21.3.0] AndroidManifest.xml:40:13-87
185            android:enabled="true"
185-->[com.google.android.gms:play-services-measurement:21.3.0] AndroidManifest.xml:41:13-35
186            android:exported="false"
186-->[com.google.android.gms:play-services-measurement:21.3.0] AndroidManifest.xml:42:13-37
187            android:permission="android.permission.BIND_JOB_SERVICE" />
187-->[com.google.android.gms:play-services-measurement:21.3.0] AndroidManifest.xml:43:13-69
188
189        <meta-data
189-->[com.google.android.gms:play-services-basement:18.1.0] AndroidManifest.xml:21:9-23:69
190            android:name="com.google.android.gms.version"
190-->[com.google.android.gms:play-services-basement:18.1.0] AndroidManifest.xml:22:13-58
191            android:value="@integer/google_play_services_version" />
191-->[com.google.android.gms:play-services-basement:18.1.0] AndroidManifest.xml:23:13-66
192
193        <provider
193-->[androidx.emoji2:emoji2:1.3.0] AndroidManifest.xml:24:9-32:20
194            android:name="androidx.startup.InitializationProvider"
194-->[androidx.emoji2:emoji2:1.3.0] AndroidManifest.xml:25:13-67
195            android:authorities="com.example.minorproject.androidx-startup"
195-->[androidx.emoji2:emoji2:1.3.0] AndroidManifest.xml:26:13-68
196            android:exported="false" >
196-->[androidx.emoji2:emoji2:1.3.0] AndroidManifest.xml:27:13-37
197            <meta-data
197-->[androidx.emoji2:emoji2:1.3.0] AndroidManifest.xml:29:13-31:52
198                android:name="androidx.emoji2.text.EmojiCompatInitializer"
198-->[androidx.emoji2:emoji2:1.3.0] AndroidManifest.xml:30:17-75
199                android:value="androidx.startup" />
199-->[androidx.emoji2:emoji2:1.3.0] AndroidManifest.xml:31:17-49
200            <meta-data
200-->[androidx.lifecycle:lifecycle-process:2.6.2] AndroidManifest.xml:29:13-31:52
201                android:name="androidx.lifecycle.ProcessLifecycleInitializer"
201-->[androidx.lifecycle:lifecycle-process:2.6.2] AndroidManifest.xml:30:17-78
202                android:value="androidx.startup" />
202-->[androidx.lifecycle:lifecycle-process:2.6.2] AndroidManifest.xml:31:17-49
203            <meta-data
203-->[androidx.profileinstaller:profileinstaller:1.3.0] AndroidManifest.xml:29:13-31:52
204                android:name="androidx.profileinstaller.ProfileInstallerInitializer"
204-->[androidx.profileinstaller:profileinstaller:1.3.0] AndroidManifest.xml:30:17-85
205                android:value="androidx.startup" />
205-->[androidx.profileinstaller:profileinstaller:1.3.0] AndroidManifest.xml:31:17-49
206        </provider>
207
208        <receiver
208-->[androidx.profileinstaller:profileinstaller:1.3.0] AndroidManifest.xml:34:9-52:20
209            android:name="androidx.profileinstaller.ProfileInstallReceiver"
209-->[androidx.profileinstaller:profileinstaller:1.3.0] AndroidManifest.xml:35:13-76
210            android:directBootAware="false"
210-->[androidx.profileinstaller:profileinstaller:1.3.0] AndroidManifest.xml:36:13-44
211            android:enabled="true"
211-->[androidx.profileinstaller:profileinstaller:1.3.0] AndroidManifest.xml:37:13-35
212            android:exported="true"
212-->[androidx.profileinstaller:profileinstaller:1.3.0] AndroidManifest.xml:38:13-36
213            android:permission="android.permission.DUMP" >
213-->[androidx.profileinstaller:profileinstaller:1.3.0] AndroidManifest.xml:39:13-57
214            <intent-filter>
214-->[androidx.profileinstaller:profileinstaller:1.3.0] AndroidManifest.xml:40:13-42:29
215                <action android:name="androidx.profileinstaller.action.INSTALL_PROFILE" />
215-->[androidx.profileinstaller:profileinstaller:1.3.0] AndroidManifest.xml:41:17-91
215-->[androidx.profileinstaller:profileinstaller:1.3.0] AndroidManifest.xml:41:25-88
216            </intent-filter>
217            <intent-filter>
217-->[androidx.profileinstaller:profileinstaller:1.3.0] AndroidManifest.xml:43:13-45:29
218                <action android:name="androidx.profileinstaller.action.SKIP_FILE" />
218-->[androidx.profileinstaller:profileinstaller:1.3.0] AndroidManifest.xml:44:17-85
218-->[androidx.profileinstaller:profileinstaller:1.3.0] AndroidManifest.xml:44:25-82
219            </intent-filter>
220            <intent-filter>
220-->[androidx.profileinstaller:profileinstaller:1.3.0] AndroidManifest.xml:46:13-48:29
221                <action android:name="androidx.profileinstaller.action.SAVE_PROFILE" />
221-->[androidx.profileinstaller:profileinstaller:1.3.0] AndroidManifest.xml:47:17-88
221-->[androidx.profileinstaller:profileinstaller:1.3.0] AndroidManifest.xml:47:25-85
222            </intent-filter>
223            <intent-filter>
223-->[androidx.profileinstaller:profileinstaller:1.3.0] AndroidManifest.xml:49:13-51:29
224                <action android:name="androidx.profileinstaller.action.BENCHMARK_OPERATION" />
224-->[androidx.profileinstaller:profileinstaller:1.3.0] AndroidManifest.xml:50:17-95
224-->[androidx.profileinstaller:profileinstaller:1.3.0] AndroidManifest.xml:50:25-92
225            </intent-filter>
226        </receiver>
227    </application>
228
229</manifest>